0 info it worked if it ends with ok
1 verbose cli [ '/usr/bin/nodejs',
1 verbose cli   '/usr/bin/npm',
1 verbose cli   'install',
1 verbose cli   'moment-with-locales.js' ]
2 info using npm@2.15.11
3 info using node@v4.8.0
4 verbose install initial load of /home/ziad/Sites/psa_register_system/package.json
5 verbose readDependencies loading dependencies from /home/ziad/Sites/psa_register_system/package.json
6 silly cache add args [ 'moment-with-locales.js', null ]
7 verbose cache add spec moment-with-locales.js
8 silly cache add parsed spec Result {
8 silly cache add   raw: 'moment-with-locales.js',
8 silly cache add   scope: null,
8 silly cache add   name: 'moment-with-locales.js',
8 silly cache add   rawSpec: '',
8 silly cache add   spec: 'latest',
8 silly cache add   type: 'tag' }
9 silly addNamed moment-with-locales.js@latest
10 verbose addNamed "latest" is being treated as a dist-tag for moment-with-locales.js
11 info addNameTag [ 'moment-with-locales.js', 'latest' ]
12 silly mapToRegistry name moment-with-locales.js
13 silly mapToRegistry using default registry
14 silly mapToRegistry registry https://registry.npmjs.org/
15 silly mapToRegistry data Result {
15 silly mapToRegistry   raw: 'moment-with-locales.js',
15 silly mapToRegistry   scope: null,
15 silly mapToRegistry   name: 'moment-with-locales.js',
15 silly mapToRegistry   rawSpec: '',
15 silly mapToRegistry   spec: 'latest',
15 silly mapToRegistry   type: 'tag' }
16 silly mapToRegistry uri https://registry.npmjs.org/moment-with-locales.js
17 verbose addNameTag registry:https://registry.npmjs.org/moment-with-locales.js not in flight; fetching
18 verbose request uri https://registry.npmjs.org/moment-with-locales.js
19 verbose request no auth needed
20 info attempt registry request try #1 at 2:09:25 PM
21 verbose request id 076e71a8bf6a8dde
22 http request GET https://registry.npmjs.org/moment-with-locales.js
23 http 404 https://registry.npmjs.org/moment-with-locales.js
24 verbose headers { 'content-type': 'application/json',
24 verbose headers   'cache-control': 'max-age=0',
24 verbose headers   'content-length': '2',
24 verbose headers   'accept-ranges': 'bytes',
24 verbose headers   date: 'Sat, 11 Mar 2017 10:09:27 GMT',
24 verbose headers   via: '1.1 varnish',
24 verbose headers   age: '0',
24 verbose headers   connection: 'keep-alive',
24 verbose headers   'x-served-by': 'cache-fjr7922-FJR',
24 verbose headers   'x-cache': 'MISS',
24 verbose headers   'x-cache-hits': '0',
24 verbose headers   'x-timer': 'S1489226965.426199,VS0,VE1601',
24 verbose headers   vary: 'Accept-Encoding' }
25 silly get cb [ 404,
25 silly get   { 'content-type': 'application/json',
25 silly get     'cache-control': 'max-age=0',
25 silly get     'content-length': '2',
25 silly get     'accept-ranges': 'bytes',
25 silly get     date: 'Sat, 11 Mar 2017 10:09:27 GMT',
25 silly get     via: '1.1 varnish',
25 silly get     age: '0',
25 silly get     connection: 'keep-alive',
25 silly get     'x-served-by': 'cache-fjr7922-FJR',
25 silly get     'x-cache': 'MISS',
25 silly get     'x-cache-hits': '0',
25 silly get     'x-timer': 'S1489226965.426199,VS0,VE1601',
25 silly get     vary: 'Accept-Encoding' } ]
26 verbose stack Error: Registry returned 404 for GET on https://registry.npmjs.org/moment-with-locales.js
26 verbose stack     at makeError (/usr/lib/node_modules/npm/node_modules/npm-registry-client/lib/request.js:302:12)
26 verbose stack     at CachingRegistryClient.<anonymous> (/usr/lib/node_modules/npm/node_modules/npm-registry-client/lib/request.js:280:14)
26 verbose stack     at Request._callback (/usr/lib/node_modules/npm/node_modules/npm-registry-client/lib/request.js:210:14)
26 verbose stack     at Request.self.callback (/usr/lib/node_modules/npm/node_modules/request/request.js:187:22)
26 verbose stack     at emitTwo (events.js:87:13)
26 verbose stack     at Request.emit (events.js:172:7)
26 verbose stack     at Request.<anonymous> (/usr/lib/node_modules/npm/node_modules/request/request.js:1044:10)
26 verbose stack     at emitOne (events.js:77:13)
26 verbose stack     at Request.emit (events.js:169:7)
26 verbose stack     at IncomingMessage.<anonymous> (/usr/lib/node_modules/npm/node_modules/request/request.js:965:12)
27 verbose statusCode 404
28 verbose pkgid moment-with-locales.js
29 verbose cwd /home/ziad/Sites/psa_register_system
30 error Linux 4.4.0-66-generic
31 error argv "/usr/bin/nodejs" "/usr/bin/npm" "install" "moment-with-locales.js"
32 error node v4.8.0
33 error npm  v2.15.11
34 error code E404
35 error 404 Registry returned 404 for GET on https://registry.npmjs.org/moment-with-locales.js
35 error 404
35 error 404 'moment-with-locales.js' is not in the npm registry.
35 error 404 You should bug the author to publish it (or use the name yourself!)
35 error 404
35 error 404 Note that you can also install from a
35 error 404 tarball, folder, http url, or git url.
36 verbose exit [ 1, true ]
